<?xml version="1.0" encoding="UTF-8"?>
<testng-results ignored="0" total="1" passed="1" failed="0" skipped="0">
  <reporter-output>
    <line>
      <![CDATA[package2,script-02]]>
    </line>
  </reporter-output>
  <suite started-at="2024-04-03T15:47:49 IST" name="Default suite" finished-at="2024-04-03T15:47:53 IST" duration-ms="4598">
    <groups>
    </groups>
    <test started-at="2024-04-03T15:47:49 IST" name="Default test" finished-at="2024-04-03T15:47:53 IST" duration-ms="4598">
      <class name="package_02.Launch_04_Test">
        <test-method signature="launch()[pri:0, instance:package_02.Launch_04_Test@7ed7259e]" started-at="2024-04-03T15:47:49 IST" name="launch" finished-at="2024-04-03T15:47:53 IST" duration-ms="4558" status="PASS">
          <reporter-output>
            <line>
              <![CDATA[package2,script-02]]>
            </line>
          </reporter-output>
        </test-method> <!-- launch -->
      </class> <!-- package_02.Launch_04_Test -->
    </test> <!-- Default test -->
  </suite> <!-- Default suite -->
</testng-results>
