<?xml version="1.0" encoding="UTF-8"?>
<testng-results ignored="0" total="1" passed="1" failed="0" skipped="0">
  <reporter-output>
  </reporter-output>
  <suite started-at="2024-04-25T11:46:16 IST" name="Default suite" finished-at="2024-04-25T11:46:23 IST" duration-ms="6823">
    <groups>
    </groups>
    <test started-at="2024-04-25T11:46:16 IST" name="Default test" finished-at="2024-04-25T11:46:23 IST" duration-ms="6823">
      <class name="extent_reports.Demo_01">
        <test-method signature="report()[pri:0, instance:extent_reports.Demo_01@661972b0]" started-at="2024-04-25T11:46:16 IST" name="report" finished-at="2024-04-25T11:46:23 IST" duration-ms="6784" status="PASS">
          <reporter-output>
          </reporter-output>
        </test-method> <!-- report -->
      </class> <!-- extent_reports.Demo_01 -->
    </test> <!-- Default test -->
  </suite> <!-- Default suite -->
</testng-results>
